/*C12*/SET SCHEMA PUBLIC
drop table if exists Imovel CASCADE 
create table Imovel (id bigint generated by default as identity (start with 1), logradouro varchar(255), primary key (id))
INSERT INTO IMOVEL VALUES(1,'Rua azul')
COMMIT
INSERT INTO IMOVEL VALUES(2,'Rua verde')
COMMIT
INSERT INTO IMOVEL VALUES(3,'Avenida amarela')
COMMIT
drop table if exists Imovel CASCADE 
DISCONNECT
/*C13*/SET SCHEMA PUBLIC
DISCONNECT
/*C14*/SET SCHEMA PUBLIC
DISCONNECT
/*C15*/SET SCHEMA PUBLIC
DISCONNECT
/*C16*/SET SCHEMA PUBLIC
DISCONNECT
/*C17*/SET SCHEMA PUBLIC
DISCONNECT
/*C18*/SET SCHEMA PUBLIC
DISCONNECT
/*C19*/SET SCHEMA PUBLIC
DISCONNECT
/*C20*/SET SCHEMA PUBLIC
DISCONNECT
/*C21*/SET SCHEMA PUBLIC
DISCONNECT
